#
# There is insufficient memory for the Java Runtime Environment to continue.
# Native memory allocation (malloc) failed to allocate 134217728 bytes for committing reserved memory.
# Possible reasons:
#   The system is out of physical RAM or swap space
#   In 32 bit mode, the process size limit was hit
# Possible solutions:
#   Reduce memory load on the system
#   Increase physical memory or swap space
#   Check if swap backing store is full
#   Use 64 bit Java on a 64 bit OS
#   Decrease Java heap size (-Xmx/-Xms)
#   Decrease number of Java threads
#   Decrease Java thread stack sizes (-Xss)
#   Set larger code cache with -XX:ReservedCodeCacheSize=
# This output file may be truncated or incomplete.
#
#  Out of Memory Error (os_linux.cpp:2827), pid=26093, tid=140356642391808
#
# JRE version: OpenJDK Runtime Environment (7.0_91-b01) (build 1.7.0_91-b01)
# Java VM: OpenJDK 64-Bit Server VM (24.91-b01 mixed mode linux-amd64 compressed oops)
# Derivative: IcedTea 2.6.2
# Distribution: Custom build (Fri Oct 23 08:13:35 UTC 2015)
# Failed to write core dump. Core dumps have been disabled. To enable core dumping, try "ulimit -c unlimited" before starting Java again
#

---------------  T H R E A D  ---------------

Current thread (0x00007fa76413b000):  VMThread [stack: 0x00007fa753bfc000,0x00007fa753cfd000] [id=26107]

Stack: [0x00007fa753bfc000,0x00007fa753cfd000],  sp=0x00007fa753cfb4f0,  free space=1021k
Native frames: (J=compiled Java code, j=interpreted, Vv=VM code, C=native code)
V  [libjvm.so+0x9945a1]
V  [libjvm.so+0x48a63f]
V  [libjvm.so+0x80107b]
V  [libjvm.so+0x7fb4ee]
V  [libjvm.so+0x87192b]
V  [libjvm.so+0x873273]
V  [libjvm.so+0x86f4f8]
V  [libjvm.so+0x86f7dc]
V  [libjvm.so+0x824993]
V  [libjvm.so+0x996042]
V  [libjvm.so+0x99ad87]
V  [libjvm.so+0x998618]
V  [libjvm.so+0x99998f]
V  [libjvm.so+0x999e81]
V  [libjvm.so+0x7fdfb2]

VM_Operation (0x00007fa76b94f4d0): ParallelGCFailedAllocation, mode: safepoint, requested by thread 0x00007fa764008800


---------------  P R O C E S S  ---------------

Java Threads: ( => current thread )
  0x00007fa764177000 JavaThread "Service Thread" daemon [_thread_blocked, id=26113, stack(0x00007fa7533e8000,0x00007fa7534e9000)]
  0x00007fa764174800 JavaThread "C2 CompilerThread1" daemon [_thread_blocked, id=26112, stack(0x00007fa7534e9000,0x00007fa7535ea000)]
  0x00007fa764171800 JavaThread "C2 CompilerThread0" daemon [_thread_blocked, id=26111, stack(0x00007fa7535ea000,0x00007fa7536eb000)]
  0x00007fa76416f800 JavaThread "Signal Dispatcher" daemon [_thread_blocked, id=26110, stack(0x00007fa7536eb000,0x00007fa7537ec000)]
  0x00007fa764141800 JavaThread "Finalizer" daemon [_thread_blocked, id=26109, stack(0x00007fa7539fa000,0x00007fa753afb000)]
  0x00007fa76413f800 JavaThread "Reference Handler" daemon [_thread_blocked, id=26108, stack(0x00007fa753afb000,0x00007fa753bfc000)]
  0x00007fa764008800 JavaThread "main" [_thread_blocked, id=26102, stack(0x00007fa76b850000,0x00007fa76b951000)]

Other Threads:
=>0x00007fa76413b000 VMThread [stack: 0x00007fa753bfc000,0x00007fa753cfd000] [id=26107]
  0x00007fa764181800 WatcherThread [stack: 0x00007fa7532e7000,0x00007fa7533e8000] [id=26114]

VM state:at safepoint (normal execution)

VM Mutex/Monitor currently owned by a thread:  ([mutex/lock_event])
[0x00007fa764006430] Threads_lock - owner thread: 0x00007fa76413b000
[0x00007fa764006930] Heap_lock - owner thread: 0x00007fa764008800

Heap
 PSYoungGen      total 99840K, used 3547K [0x00000000eaa80000, 0x00000000f0f80000, 0x0000000100000000)
  eden space 96256K, 0% used [0x00000000eaa80000,0x00000000eaa80000,0x00000000f0880000)
  from space 3584K, 98% used [0x00000000f0880000,0x00000000f0bf6fb8,0x00000000f0c00000)
  to   space 3584K, 0% used [0x00000000f0c00000,0x00000000f0c00000,0x00000000f0f80000)
 ParOldGen       total 62464K, used 56687K [0x00000000c0000000, 0x00000000c3d00000, 0x00000000eaa80000)
  object space 62464K, 90% used [0x00000000c0000000,0x00000000c375be18,0x00000000c3d00000)
 PSPermGen       total 21504K, used 7123K [0x00000000b5a00000, 0x00000000b6f00000, 0x00000000c0000000)
  object space 21504K, 33% used [0x00000000b5a00000,0x00000000b60f4dc8,0x00000000b6f00000)

Card table byte_map: [0x00007fa76875e000,0x00007fa7689b2000] byte_map_base: 0x00007fa7681b1000

Polling page: 0x00007fa76b99a000

Code Cache  [0x00007fa761000000, 0x00007fa761270000, 0x00007fa764000000)
 total_blobs=968 nmethods=718 adapters=203 free_code_cache=47188Kb largest_free_block=48272768

Compilation events (10 events):
Event: 5,052 Thread 0x00007fa764171800 nmethod 719 0x00007fa7611eec50 code [0x00007fa7611ef0e0, 0x00007fa7611f1350]
Event: 5,052 Thread 0x00007fa764171800  741             java.util.ComparableTimSort::binarySort (223 bytes)
Event: 5,059 Thread 0x00007fa764171800 nmethod 741 0x00007fa7611ebcd0 code [0x00007fa7611ebe80, 0x00007fa7611ec728]
Event: 5,059 Thread 0x00007fa764171800  742 %           com.android.dex.Mutf8::countBytes @ 11 (98 bytes)
Event: 5,063 Thread 0x00007fa764171800 nmethod 742% 0x00007fa7611e7550 code [0x00007fa7611e76a0, 0x00007fa7611e7a58]
Event: 5,063 Thread 0x00007fa764171800  743             com.android.dex.Mutf8::encode (153 bytes)
Event: 5,064 Thread 0x00007fa764174800 nmethod 740 0x00007fa7611eac90 code [0x00007fa7611eae40, 0x00007fa7611eb628]
Event: 5,064 Thread 0x00007fa764174800  744             com.android.dex.Mutf8::countBytes (98 bytes)
Event: 5,068 Thread 0x00007fa764174800 nmethod 744 0x00007fa7611ee690 code [0x00007fa7611ee7e0, 0x00007fa7611eea98]
Event: 5,068 Thread 0x00007fa764171800 nmethod 743 0x00007fa7611edc10 code [0x00007fa7611edd80, 0x00007fa7611ee398]

GC Heap History (9 events):
Event: 1,306 GC heap before
{Heap before GC invocations=1 (full 0):
 PSYoungGen      total 27648K, used 24064K [0x00000000eaa80000, 0x00000000ec900000, 0x0000000100000000)
  eden space 24064K, 100% used [0x00000000eaa80000,0x00000000ec200000,0x00000000ec200000)
  from space 3584K, 0% used [0x00000000ec580000,0x00000000ec580000,0x00000000ec900000)
  to   space 3584K, 0% used [0x00000000ec200000,0x00000000ec200000,0x00000000ec580000)
 ParOldGen       total 62464K, used 0K [0x00000000c0000000, 0x00000000c3d00000, 0x00000000eaa80000)
  object space 62464K, 0% used [0x00000000c0000000,0x00000000c0000000,0x00000000c3d00000)
 PSPermGen       total 21504K, used 4911K [0x00000000b5a00000, 0x00000000b6f00000, 0x00000000c0000000)
  object space 21504K, 22% used [0x00000000b5a00000,0x00000000b5ecbe60,0x00000000b6f00000)
Event: 1,334 GC heap after
Heap after GC invocations=1 (full 0):
 PSYoungGen      total 27648K, used 3566K [0x00000000eaa80000, 0x00000000ee080000, 0x0000000100000000)
  eden space 24064K, 0% used [0x00000000eaa80000,0x00000000eaa80000,0x00000000ec200000)
  from space 3584K, 99% used [0x00000000ec200000,0x00000000ec57b9f0,0x00000000ec580000)
  to   space 3584K, 0% used [0x00000000edd00000,0x00000000edd00000,0x00000000ee080000)
 ParOldGen       total 62464K, used 7518K [0x00000000c0000000, 0x00000000c3d00000, 0x00000000eaa80000)
  object space 62464K, 12% used [0x00000000c0000000,0x00000000c0757830,0x00000000c3d00000)
 PSPermGen       total 21504K, used 4911K [0x00000000b5a00000, 0x00000000b6f00000, 0x00000000c0000000)
  object space 21504K, 22% used [0x00000000b5a00000,0x00000000b5ecbe60,0x00000000b6f00000)
}
Event: 3,547 GC heap before
{Heap before GC invocations=2 (full 0):
 PSYoungGen      total 27648K, used 27630K [0x00000000eaa80000, 0x00000000ee080000, 0x0000000100000000)
  eden space 24064K, 100% used [0x00000000eaa80000,0x00000000ec200000,0x00000000ec200000)
  from space 3584K, 99% used [0x00000000ec200000,0x00000000ec57b9f0,0x00000000ec580000)
  to   space 3584K, 0% used [0x00000000edd00000,0x00000000edd00000,0x00000000ee080000)
 ParOldGen       total 62464K, used 7518K [0x00000000c0000000, 0x00000000c3d00000, 0x00000000eaa80000)
  object space 62464K, 12% used [0x00000000c0000000,0x00000000c0757830,0x00000000c3d00000)
 PSPermGen       total 21504K, used 6130K [0x00000000b5a00000, 0x00000000b6f00000, 0x00000000c0000000)
  object space 21504K, 28% used [0x00000000b5a00000,0x00000000b5ffc870,0x00000000b6f00000)
Event: 3,583 GC heap after
Heap after GC invocations=2 (full 0):
 PSYoungGen      total 51712K, used 3565K [0x00000000eaa80000, 0x00000000ee080000, 0x0000000100000000)
  eden space 48128K, 0% used [0x00000000eaa80000,0x00000000eaa80000,0x00000000ed980000)
  from space 3584K, 99% used [0x00000000edd00000,0x00000000ee07b730,0x00000000ee080000)
  to   space 3584K, 0% used [0x00000000ed980000,0x00000000ed980000,0x00000000edd00000)
 ParOldGen       total 62464K, used 14040K [0x00000000c0000000, 0x00000000c3d00000, 0x00000000eaa80000)
  object space 62464K, 22% used [0x00000000c0000000,0x00000000c0db6030,0x00000000c3d00000)
 PSPermGen       total 21504K, used 6130K [0x00000000b5a00000, 0x00000000b6f00000, 0x00000000c0000000)
  object space 21504K, 28% used [0x00000000b5a00000,0x00000000b5ffc870,0x00000000b6f00000)
}
Event: 4,437 GC heap before
{Heap before GC invocations=3 (full 0):
 PSYoungGen      total 51712K, used 51693K [0x00000000eaa80000, 0x00000000ee080000, 0x0000000100000000)
  eden space 48128K, 100% used [0x00000000eaa80000,0x00000000ed980000,0x00000000ed980000)
  from space 3584K, 99% used [0x00000000edd00000,0x00000000ee07b730,0x00000000ee080000)
  to   space 3584K, 0% used [0x00000000ed980000,0x00000000ed980000,0x00000000edd00000)
 ParOldGen       total 62464K, used 14040K [0x00000000c0000000, 0x00000000c3d00000, 0x00000000eaa80000)
  object space 62464K, 22% used [0x00000000c0000000,0x00000000c0db6030,0x00000000c3d00000)
 PSPermGen       total 21504K, used 7082K [0x00000000b5a00000, 0x00000000b6f00000, 0x00000000c0000000)
  object space 21504K, 32% used [0x00000000b5a00000,0x00000000b60eabd8,0x00000000b6f00000)
Event: 4,462 GC heap after
Heap after GC invocations=3 (full 0):
 PSYoungGen      total 51712K, used 3582K [0x00000000eaa80000, 0x00000000f0f80000, 0x0000000100000000)
  eden space 48128K, 0% used [0x00000000eaa80000,0x00000000eaa80000,0x00000000ed980000)
  from space 3584K, 99% used [0x00000000ed980000,0x00000000edcff9f8,0x00000000edd00000)
  to   space 3584K, 0% used [0x00000000f0c00000,0x00000000f0c00000,0x00000000f0f80000)
 ParOldGen       total 62464K, used 16541K [0x00000000c0000000, 0x00000000c3d00000, 0x00000000eaa80000)
  object space 62464K, 26% used [0x00000000c0000000,0x00000000c1027750,0x00000000c3d00000)
 PSPermGen       total 21504K, used 7082K [0x00000000b5a00000, 0x00000000b6f00000, 0x00000000c0000000)
  object space 21504K, 32% used [0x00000000b5a00000,0x00000000b60eabd8,0x00000000b6f00000)
}
Event: 4,692 GC heap before
{Heap before GC invocations=4 (full 0):
 PSYoungGen      total 51712K, used 51710K [0x00000000eaa80000, 0x00000000f0f80000, 0x0000000100000000)
  eden space 48128K, 100% used [0x00000000eaa80000,0x00000000ed980000,0x00000000ed980000)
  from space 3584K, 99% used [0x00000000ed980000,0x00000000edcff9f8,0x00000000edd00000)
  to   space 3584K, 0% used [0x00000000f0c00000,0x00000000f0c00000,0x00000000f0f80000)
 ParOldGen       total 62464K, used 16541K [0x00000000c0000000, 0x00000000c3d00000, 0x00000000eaa80000)
  object space 62464K, 26% used [0x00000000c0000000,0x00000000c1027750,0x00000000c3d00000)
 PSPermGen       total 21504K, used 7112K [0x00000000b5a00000, 0x00000000b6f00000, 0x00000000c0000000)
  object space 21504K, 33% used [0x00000000b5a00000,0x00000000b60f2060,0x00000000b6f00000)
Event: 4,708 GC heap after
Heap after GC invocations=4 (full 0):
 PSYoungGen      total 99840K, used 3583K [0x00000000eaa80000, 0x00000000f0f80000, 0x0000000100000000)
  eden space 96256K, 0% used [0x00000000eaa80000,0x00000000eaa80000,0x00000000f0880000)
  from space 3584K, 99% used [0x00000000f0c00000,0x00000000f0f7fd18,0x00000000f0f80000)
  to   space 3584K, 0% used [0x00000000f0880000,0x00000000f0880000,0x00000000f0c00000)
 ParOldGen       total 62464K, used 32361K [0x00000000c0000000, 0x00000000c3d00000, 0x00000000eaa80000)
  object space 62464K, 51% used [0x00000000c0000000,0x00000000c1f9a538,0x00000000c3d00000)
 PSPermGen       total 21504K, used 7112K [0x00000000b5a00000, 0x00000000b6f00000, 0x00000000c0000000)
  object space 21504K, 33% used [0x00000000b5a00000,0x00000000b60f2060,0x00000000b6f00000)
}
Event: 5,069 GC heap before
{Heap before GC invocations=5 (full 0):
 PSYoungGen      total 99840K, used 99839K [0x00000000eaa80000, 0x00000000f0f80000, 0x0000000100000000)
  eden space 96256K, 100% used [0x00000000eaa80000,0x00000000f0880000,0x00000000f0880000)
  from space 3584K, 99% used [0x00000000f0c00000,0x00000000f0f7fd18,0x00000000f0f80000)
  to   space 3584K, 0% used [0x00000000f0880000,0x00000000f0880000,0x00000000f0c00000)
 ParOldGen       total 62464K, used 32361K [0x00000000c0000000, 0x00000000c3d00000, 0x00000000eaa80000)
  object space 62464K, 51% used [0x00000000c0000000,0x00000000c1f9a538,0x00000000c3d00000)
 PSPermGen       total 21504K, used 7123K [0x00000000b5a00000, 0x00000000b6f00000, 0x00000000c0000000)
  object space 21504K, 33% used [0x00000000b5a00000,0x00000000b60f4dc8,0x00000000b6f00000)

Deoptimization events (10 events):
Event: 4,829 Thread 0x00007fa764008800 Uncommon trap: reason=array_check action=maybe_recompile pc=0x00007fa76108e41c method=java.util.ComparableTimSort.binarySort([Ljava/lang/Object;III)V @ 193
Event: 4,842 Thread 0x00007fa764008800 Uncommon trap: reason=array_check action=maybe_recompile pc=0x00007fa7611c7014 method=java.util.TimSort.binarySort([Ljava/lang/Object;IIILjava/util/Comparator;)V @ 193
Event: 4,891 Thread 0x00007fa764008800 Uncommon trap: reason=array_check action=maybe_recompile pc=0x00007fa76108e41c method=java.util.ComparableTimSort.binarySort([Ljava/lang/Object;III)V @ 193
Event: 4,908 Thread 0x00007fa764008800 Uncommon trap: reason=unstable_if action=reinterpret pc=0x00007fa7611c8a90 method=java.util.ComparableTimSort.mergeHi(IIII)V @ 553
Event: 4,914 Thread 0x00007fa764008800 Uncommon trap: reason=array_check action=maybe_recompile pc=0x00007fa7611cf508 method=java.util.TimSort.binarySort([Ljava/lang/Object;IIILjava/util/Comparator;)V @ 193
Event: 4,916 Thread 0x00007fa764008800 Uncommon trap: reason=array_check action=maybe_recompile pc=0x00007fa7611c7014 method=java.util.TimSort.binarySort([Ljava/lang/Object;IIILjava/util/Comparator;)V @ 193
Event: 4,997 Thread 0x00007fa764008800 Uncommon trap: reason=unstable_if action=reinterpret pc=0x00007fa7611a7f1c method=com.android.dex.Mutf8.countBytes(Ljava/lang/String;Z)J @ 35
Event: 4,997 Thread 0x00007fa764008800 Uncommon trap: reason=unstable_if action=reinterpret pc=0x00007fa7611230d8 method=com.android.dex.Mutf8.encode([BILjava/lang/String;)V @ 31
Event: 4,997 Thread 0x00007fa764008800 Uncommon trap: reason=unstable_if action=reinterpret pc=0x00007fa76115a258 method=com.android.dex.Mutf8.countBytes(Ljava/lang/String;Z)J @ 35
Event: 4,999 Thread 0x00007fa764008800 Uncommon trap: reason=unstable_if action=reinterpret pc=0x00007fa7610cf034 method=com.android.dex.Mutf8.encode([BILjava/lang/String;)V @ 31

Internal exceptions (10 events):
Event: 3,678 Thread 0x00007fa764008800 Threw 0x00000000eac37e58 at /build/java7-openjdk/src/icedtea-2.6.2/openjdk/hotspot/src/share/vm/prims/jvm.cpp:1322
Event: 3,680 Thread 0x00007fa764008800 Threw 0x00000000eac7ee68 at /build/java7-openjdk/src/icedtea-2.6.2/openjdk/hotspot/src/share/vm/prims/jvm.cpp:1322
Event: 3,680 Thread 0x00007fa764008800 Threw 0x00000000eac80e38 at /build/java7-openjdk/src/icedtea-2.6.2/openjdk/hotspot/src/share/vm/prims/jvm.cpp:1322
Event: 3,870 Thread 0x00007fa764008800 Threw 0x00000000eadf5560 at /build/java7-openjdk/src/icedtea-2.6.2/openjdk/hotspot/src/share/vm/prims/jvm.cpp:1322
Event: 3,870 Thread 0x00007fa764008800 Threw 0x00000000eadf5688 at /build/java7-openjdk/src/icedtea-2.6.2/openjdk/hotspot/src/share/vm/prims/jvm.cpp:1322
Event: 3,870 Thread 0x00007fa764008800 Threw 0x00000000eadf7ad0 at /build/java7-openjdk/src/icedtea-2.6.2/openjdk/hotspot/src/share/vm/prims/jvm.cpp:1322
Event: 3,870 Thread 0x00007fa764008800 Threw 0x00000000eadf7bf8 at /build/java7-openjdk/src/icedtea-2.6.2/openjdk/hotspot/src/share/vm/prims/jvm.cpp:1322
Event: 3,870 Thread 0x00007fa764008800 Threw 0x00000000eadf8580 at /build/java7-openjdk/src/icedtea-2.6.2/openjdk/hotspot/src/share/vm/prims/jvm.cpp:1322
Event: 3,870 Thread 0x00007fa764008800 Threw 0x00000000eadf86a8 at /build/java7-openjdk/src/icedtea-2.6.2/openjdk/hotspot/src/share/vm/prims/jvm.cpp:1322
Event: 4,225 Thread 0x00007fa764008800 Threw 0x00000000ec55bae0 at /build/java7-openjdk/src/icedtea-2.6.2/openjdk/hotspot/src/share/vm/prims/jvm.cpp:1322

Events (10 events):
Event: 4,997 Thread 0x00007fa764008800 Uncommon trap: trap_request=0xffffff75 fr.pc=0x00007fa7611230d8
Event: 4,997 Thread 0x00007fa764008800 DEOPT PACKING pc=0x00007fa7611230d8 sp=0x00007fa76b94f4b0
Event: 4,997 Thread 0x00007fa764008800 DEOPT UNPACKING pc=0x00007fa761039445 sp=0x00007fa76b94f478 mode 2
Event: 4,997 Thread 0x00007fa764008800 Uncommon trap: trap_request=0xffffff75 fr.pc=0x00007fa76115a258
Event: 4,997 Thread 0x00007fa764008800 DEOPT PACKING pc=0x00007fa76115a258 sp=0x00007fa76b94f4b0
Event: 4,997 Thread 0x00007fa764008800 DEOPT UNPACKING pc=0x00007fa761039445 sp=0x00007fa76b94f468 mode 2
Event: 4,999 Thread 0x00007fa764008800 Uncommon trap: trap_request=0xffffff75 fr.pc=0x00007fa7610cf034
Event: 4,999 Thread 0x00007fa764008800 DEOPT PACKING pc=0x00007fa7610cf034 sp=0x00007fa76b94f4b0
Event: 4,999 Thread 0x00007fa764008800 DEOPT UNPACKING pc=0x00007fa761039445 sp=0x00007fa76b94f478 mode 2
Event: 5,069 Executing VM operation: ParallelGCFailedAllocation


Dynamic libraries:
00400000-00401000 r-xp 00000000 08:08 2027907                            /usr/lib/jvm/java-7-openjdk/jre/bin/java
00600000-00601000 rw-p 00000000 08:08 2027907                            /usr/lib/jvm/java-7-openjdk/jre/bin/java
00ecd000-00eee000 rw-p 00000000 00:00 0                                  [heap]
b5a00000-b6f00000 rw-p 00000000 00:00 0 
b6f00000-c0000000 rw-p 00000000 00:00 0 
c0000000-c3d00000 rw-p 00000000 00:00 0 
c3d00000-eaa80000 rw-p 00000000 00:00 0 
eaa80000-f0f80000 rw-p 00000000 00:00 0 
f8f80000-100000000 rw-p 00000000 00:00 0 
7fa724000000-7fa724021000 rw-p 00000000 00:00 0 
7fa724021000-7fa728000000 ---p 00000000 00:00 0 
7fa72c000000-7fa72cf68000 rw-p 00000000 00:00 0 
7fa72cf68000-7fa730000000 ---p 00000000 00:00 0 
7fa730000000-7fa730021000 rw-p 00000000 00:00 0 
7fa730021000-7fa734000000 ---p 00000000 00:00 0 
7fa734000000-7fa734021000 rw-p 00000000 00:00 0 
7fa734021000-7fa738000000 ---p 00000000 00:00 0 
7fa738000000-7fa738be9000 rw-p 00000000 00:00 0 
7fa738be9000-7fa73c000000 ---p 00000000 00:00 0 
7fa73c000000-7fa73c021000 rw-p 00000000 00:00 0 
7fa73c021000-7fa740000000 ---p 00000000 00:00 0 
7fa740000000-7fa740021000 rw-p 00000000 00:00 0 
7fa740021000-7fa744000000 ---p 00000000 00:00 0 
7fa744000000-7fa74402f000 rw-p 00000000 00:00 0 
7fa74402f000-7fa748000000 ---p 00000000 00:00 0 
7fa749ad0000-7fa74c000000 rw-p 00000000 00:00 0 
7fa74c000000-7fa74c021000 rw-p 00000000 00:00 0 
7fa74c021000-7fa750000000 ---p 00000000 00:00 0 
7fa751d4b000-7fa751dba000 r-xp 00000000 08:08 1452103                    /usr/lib/libpcre.so.1.2.5
7fa751dba000-7fa751fb9000 ---p 0006f000 08:08 1452103                    /usr/lib/libpcre.so.1.2.5
7fa751fb9000-7fa751fba000 r--p 0006e000 08:08 1452103                    /usr/lib/libpcre.so.1.2.5
7fa751fba000-7fa751fbb000 rw-p 0006f000 08:08 1452103                    /usr/lib/libpcre.so.1.2.5
7fa751fbb000-7fa751fc3000 r-xp 00000000 08:08 1500418                    /usr/lib/libffi.so.6.0.4
7fa751fc3000-7fa7521c2000 ---p 00008000 08:08 1500418                    /usr/lib/libffi.so.6.0.4
7fa7521c2000-7fa7521c3000 r--p 00007000 08:08 1500418                    /usr/lib/libffi.so.6.0.4
7fa7521c3000-7fa7521c4000 rw-p 00008000 08:08 1500418                    /usr/lib/libffi.so.6.0.4
7fa7521c4000-7fa7521d8000 r-xp 00000000 08:08 1445297                    /usr/lib/libresolv-2.22.so
7fa7521d8000-7fa7523d7000 ---p 00014000 08:08 1445297                    /usr/lib/libresolv-2.22.so
7fa7523d7000-7fa7523d8000 r--p 00013000 08:08 1445297                    /usr/lib/libresolv-2.22.so
7fa7523d8000-7fa7523d9000 rw-p 00014000 08:08 1445297                    /usr/lib/libresolv-2.22.so
7fa7523d9000-7fa7523db000 rw-p 00000000 00:00 0 
7fa7523db000-7fa7523de000 r-xp 00000000 08:08 1452320                    /usr/lib/libgmodule-2.0.so.0.4600.1
7fa7523de000-7fa7525dd000 ---p 00003000 08:08 1452320                    /usr/lib/libgmodule-2.0.so.0.4600.1
7fa7525dd000-7fa7525de000 r--p 00002000 08:08 1452320                    /usr/lib/libgmodule-2.0.so.0.4600.1
7fa7525de000-7fa7525df000 rw-p 00003000 08:08 1452320                    /usr/lib/libgmodule-2.0.so.0.4600.1
7fa7525df000-7fa7526eb000 r-xp 00000000 08:08 1452319                    /usr/lib/libglib-2.0.so.0.4600.1
7fa7526eb000-7fa7528ea000 ---p 0010c000 08:08 1452319                    /usr/lib/libglib-2.0.so.0.4600.1
7fa7528ea000-7fa7528eb000 r--p 0010b000 08:08 1452319                    /usr/lib/libglib-2.0.so.0.4600.1
7fa7528eb000-7fa7528ec000 rw-p 0010c000 08:08 1452319                    /usr/lib/libglib-2.0.so.0.4600.1
7fa7528ec000-7fa7528ed000 rw-p 00000000 00:00 0 
7fa7528ed000-7fa75293e000 r-xp 00000000 08:08 1452328                    /usr/lib/libgobject-2.0.so.0.4600.1
7fa75293e000-7fa752b3d000 ---p 00051000 08:08 1452328                    /usr/lib/libgobject-2.0.so.0.4600.1
7fa752b3d000-7fa752b3e000 r--p 00050000 08:08 1452328                    /usr/lib/libgobject-2.0.so.0.4600.1
7fa752b3e000-7fa752b3f000 rw-p 00051000 08:08 1452328                    /usr/lib/libgobject-2.0.so.0.4600.1
7fa752b3f000-7fa752cb7000 r-xp 00000000 08:08 1452344                    /usr/lib/libgio-2.0.so.0.4600.1
7fa752cb7000-7fa752eb6000 ---p 00178000 08:08 1452344                    /usr/lib/libgio-2.0.so.0.4600.1
7fa752eb6000-7fa752eba000 r--p 00177000 08:08 1452344                    /usr/lib/libgio-2.0.so.0.4600.1
7fa752eba000-7fa752ebc000 rw-p 0017b000 08:08 1452344                    /usr/lib/libgio-2.0.so.0.4600.1
7fa752ebc000-7fa752ebe000 rw-p 00000000 00:00 0 
7fa752ebe000-7fa752ed5000 r-xp 00000000 08:08 1981477                    /usr/lib/jvm/java-7-openjdk/jre/lib/amd64/libnet.so
7fa752ed5000-7fa7530d5000 ---p 00017000 08:08 1981477                    /usr/lib/jvm/java-7-openjdk/jre/lib/amd64/libnet.so
7fa7530d5000-7fa7530d6000 rw-p 00017000 08:08 1981477                    /usr/lib/jvm/java-7-openjdk/jre/lib/amd64/libnet.so
7fa7530d6000-7fa7530e6000 r-xp 00000000 08:08 1981483                    /usr/lib/jvm/java-7-openjdk/jre/lib/amd64/libnio.so
7fa7530e6000-7fa7532e6000 ---p 00010000 08:08 1981483                    /usr/lib/jvm/java-7-openjdk/jre/lib/amd64/libnio.so
7fa7532e6000-7fa7532e7000 rw-p 00010000 08:08 1981483                    /usr/lib/jvm/java-7-openjdk/jre/lib/amd64/libnio.so
7fa7532e7000-7fa7532e8000 ---p 00000000 00:00 0 
7fa7532e8000-7fa7533e8000 rw-p 00000000 00:00 0                          [stack:26114]
7fa7533e8000-7fa7533eb000 ---p 00000000 00:00 0 
7fa7533eb000-7fa7534e9000 rw-p 00000000 00:00 0                          [stack:26113]
7fa7534e9000-7fa7534ec000 ---p 00000000 00:00 0 
7fa7534ec000-7fa7535ea000 rw-p 00000000 00:00 0                          [stack:26112]
7fa7535ea000-7fa7535ed000 ---p 00000000 00:00 0 
7fa7535ed000-7fa7536eb000 rw-p 00000000 00:00 0                          [stack:26111]
7fa7536eb000-7fa7536ee000 ---p 00000000 00:00 0 
7fa7536ee000-7fa7537ec000 rw-p 00000000 00:00 0                          [stack:26110]
7fa7537ec000-7fa7539fa000 r--p 00000000 08:08 1518567                    /usr/lib/locale/locale-archive
7fa7539fa000-7fa7539fd000 ---p 00000000 00:00 0 
7fa7539fd000-7fa753afb000 rw-p 00000000 00:00 0                          [stack:26109]
7fa753afb000-7fa753afe000 ---p 00000000 00:00 0 
7fa753afe000-7fa753bfc000 rw-p 00000000 00:00 0                          [stack:26108]
7fa753bfc000-7fa753bfd000 ---p 00000000 00:00 0 
7fa753bfd000-7fa754000000 rw-p 00000000 00:00 0                          [stack:26107]
7fa754000000-7fa754021000 rw-p 00000000 00:00 0 
7fa754021000-7fa758000000 ---p 00000000 00:00 0 
7fa758000000-7fa758021000 rw-p 00000000 00:00 0 
7fa758021000-7fa75c000000 ---p 00000000 00:00 0 
7fa75c000000-7fa75c021000 rw-p 00000000 00:00 0 
7fa75c021000-7fa760000000 ---p 00000000 00:00 0 
7fa7600f0000-7fa760bfb000 rw-p 00000000 00:00 0 
7fa760bfb000-7fa760dad000 r--s 01d2e000 08:08 1976059                    /usr/lib/jvm/java-7-openjdk/jre/lib/rt.jar
7fa760dad000-7fa761000000 rw-p 00000000 00:00 0 
7fa761000000-7fa761270000 rwxp 00000000 00:00 0 
7fa761270000-7fa764336000 rw-p 00000000 00:00 0 
7fa764336000-7fa768000000 ---p 00000000 00:00 0 
7fa76801e000-7fa768044000 r--p 00000000 08:08 1443903                    /usr/share/locale/es/LC_MESSAGES/libc.mo
7fa768044000-7fa768204000 rw-p 00000000 00:00 0 
7fa768204000-7fa768205000 ---p 00000000 00:00 0 
7fa768205000-7fa768305000 rw-p 00000000 00:00 0                          [stack:26106]
7fa768305000-7fa768306000 ---p 00000000 00:00 0 
7fa768306000-7fa768406000 rw-p 00000000 00:00 0                          [stack:26105]
7fa768406000-7fa768407000 ---p 00000000 00:00 0 
7fa768407000-7fa768507000 rw-p 00000000 00:00 0                          [stack:26104]
7fa768507000-7fa768508000 ---p 00000000 00:00 0 
7fa768508000-7fa768627000 rw-p 00000000 00:00 0                          [stack:26103]
7fa768627000-7fa76875e000 rw-p 00000000 00:00 0 
7fa76875e000-7fa768769000 rw-p 00000000 00:00 0 
7fa768769000-7fa7687b1000 rw-p 00000000 00:00 0 
7fa7687b1000-7fa7687d0000 rw-p 00000000 00:00 0 
7fa7687d0000-7fa768906000 rw-p 00000000 00:00 0 
7fa768906000-7fa768939000 rw-p 00000000 00:00 0 
7fa768939000-7fa7689b1000 rw-p 00000000 00:00 0 
7fa7689b1000-7fa7689bc000 rw-p 00000000 00:00 0 
7fa7689bc000-7fa768a72000 rw-p 00000000 00:00 0 
7fa768a72000-7fa768a7a000 r-xp 00000000 08:08 1981447                    /usr/lib/jvm/java-7-openjdk/jre/lib/amd64/libzip.so
7fa768a7a000-7fa768c79000 ---p 00008000 08:08 1981447                    /usr/lib/jvm/java-7-openjdk/jre/lib/amd64/libzip.so
7fa768c79000-7fa768c7a000 rw-p 00007000 08:08 1981447                    /usr/lib/jvm/java-7-openjdk/jre/lib/amd64/libzip.so
7fa768c7a000-7fa768c85000 r-xp 00000000 08:08 1445290                    /usr/lib/libnss_files-2.22.so
7fa768c85000-7fa768e84000 ---p 0000b000 08:08 1445290                    /usr/lib/libnss_files-2.22.so
7fa768e84000-7fa768e85000 r--p 0000a000 08:08 1445290                    /usr/lib/libnss_files-2.22.so
7fa768e85000-7fa768e86000 rw-p 0000b000 08:08 1445290                    /usr/lib/libnss_files-2.22.so
7fa768e86000-7fa768e8c000 rw-p 00000000 00:00 0 
7fa768e8c000-7fa768eb7000 r-xp 00000000 08:08 1981311                    /usr/lib/jvm/java-7-openjdk/jre/lib/amd64/libjava.so
7fa768eb7000-7fa7690b7000 ---p 0002b000 08:08 1981311                    /usr/lib/jvm/java-7-openjdk/jre/lib/amd64/libjava.so
7fa7690b7000-7fa7690b9000 rw-p 0002b000 08:08 1981311                    /usr/lib/jvm/java-7-openjdk/jre/lib/amd64/libjava.so
7fa7690b9000-7fa7690c6000 r-xp 00000000 08:08 1980516                    /usr/lib/jvm/java-7-openjdk/jre/lib/amd64/libverify.so
7fa7690c6000-7fa7692c5000 ---p 0000d000 08:08 1980516                    /usr/lib/jvm/java-7-openjdk/jre/lib/amd64/libverify.so
7fa7692c5000-7fa7692c7000 rw-p 0000c000 08:08 1980516                    /usr/lib/jvm/java-7-openjdk/jre/lib/amd64/libverify.so
7fa7692c7000-7fa7692ce000 r-xp 00000000 08:08 1445298                    /usr/lib/librt-2.22.so
7fa7692ce000-7fa7694cd000 ---p 00007000 08:08 1445298                    /usr/lib/librt-2.22.so
7fa7694cd000-7fa7694ce000 r--p 00006000 08:08 1445298                    /usr/lib/librt-2.22.so
7fa7694ce000-7fa7694cf000 rw-p 00007000 08:08 1445298                    /usr/lib/librt-2.22.so
7fa7694cf000-7fa7694e5000 r-xp 00000000 08:08 1481466                    /usr/lib/libgcc_s.so.1
7fa7694e5000-7fa7696e4000 ---p 00016000 08:08 1481466                    /usr/lib/libgcc_s.so.1
7fa7696e4000-7fa7696e5000 rw-p 00015000 08:08 1481466                    /usr/lib/libgcc_s.so.1
7fa7696e5000-7fa7697e2000 r-xp 00000000 08:08 1445295                    /usr/lib/libm-2.22.so
7fa7697e2000-7fa7699e1000 ---p 000fd000 08:08 1445295                    /usr/lib/libm-2.22.so
7fa7699e1000-7fa7699e2000 r--p 000fc000 08:08 1445295                    /usr/lib/libm-2.22.so
7fa7699e2000-7fa7699e3000 rw-p 000fd000 08:08 1445295                    /usr/lib/libm-2.22.so
7fa7699e3000-7fa769b55000 r-xp 00000000 08:08 1512536                    /usr/lib/libstdc++.so.6.0.21
7fa769b55000-7fa769d55000 ---p 00172000 08:08 1512536                    /usr/lib/libstdc++.so.6.0.21
7fa769d55000-7fa769d5f000 r--p 00172000 08:08 1512536                    /usr/lib/libstdc++.so.6.0.21
7fa769d5f000-7fa769d61000 rw-p 0017c000 08:08 1512536                    /usr/lib/libstdc++.so.6.0.21
7fa769d61000-7fa769d65000 rw-p 00000000 00:00 0 
7fa769d65000-7fa76a8b5000 r-xp 00000000 08:08 2027906                    /usr/lib/jvm/java-7-openjdk/jre/lib/amd64/server/libjvm.so
7fa76a8b5000-7fa76aab4000 ---p 00b50000 08:08 2027906                    /usr/lib/jvm/java-7-openjdk/jre/lib/amd64/server/libjvm.so
7fa76aab4000-7fa76ab68000 rw-p 00b4f000 08:08 2027906                    /usr/lib/jvm/java-7-openjdk/jre/lib/amd64/server/libjvm.so
7fa76ab68000-7fa76ab93000 rw-p 00000000 00:00 0 
7fa76ab93000-7fa76aba8000 r-xp 00000000 08:08 1448121                    /usr/lib/libz.so.1.2.8
7fa76aba8000-7fa76ada7000 ---p 00015000 08:08 1448121                    /usr/lib/libz.so.1.2.8
7fa76ada7000-7fa76ada8000 r--p 00014000 08:08 1448121                    /usr/lib/libz.so.1.2.8
7fa76ada8000-7fa76ada9000 rw-p 00015000 08:08 1448121                    /usr/lib/libz.so.1.2.8
7fa76ada9000-7fa76af44000 r-xp 00000000 08:08 1445241                    /usr/lib/libc-2.22.so
7fa76af44000-7fa76b143000 ---p 0019b000 08:08 1445241                    /usr/lib/libc-2.22.so
7fa76b143000-7fa76b147000 r--p 0019a000 08:08 1445241                    /usr/lib/libc-2.22.so
7fa76b147000-7fa76b149000 rw-p 0019e000 08:08 1445241                    /usr/lib/libc-2.22.so
7fa76b149000-7fa76b14d000 rw-p 00000000 00:00 0 
7fa76b14d000-7fa76b150000 r-xp 00000000 08:08 1445294                    /usr/lib/libdl-2.22.so
7fa76b150000-7fa76b34f000 ---p 00003000 08:08 1445294                    /usr/lib/libdl-2.22.so
7fa76b34f000-7fa76b350000 r--p 00002000 08:08 1445294                    /usr/lib/libdl-2.22.so
7fa76b350000-7fa76b351000 rw-p 00003000 08:08 1445294                    /usr/lib/libdl-2.22.so
7fa76b351000-7fa76b35e000 r-xp 00000000 08:08 2027902                    /usr/lib/jvm/java-7-openjdk/jre/lib/amd64/jli/libjli.so
7fa76b35e000-7fa76b55d000 ---p 0000d000 08:08 2027902                    /usr/lib/jvm/java-7-openjdk/jre/lib/amd64/jli/libjli.so
7fa76b55d000-7fa76b55e000 rw-p 0000c000 08:08 2027902                    /usr/lib/jvm/java-7-openjdk/jre/lib/amd64/jli/libjli.so
7fa76b55e000-7fa76b576000 r-xp 00000000 08:08 1445209                    /usr/lib/libpthread-2.22.so
7fa76b576000-7fa76b775000 ---p 00018000 08:08 1445209                    /usr/lib/libpthread-2.22.so
7fa76b775000-7fa76b776000 r--p 00017000 08:08 1445209                    /usr/lib/libpthread-2.22.so
7fa76b776000-7fa76b777000 rw-p 00018000 08:08 1445209                    /usr/lib/libpthread-2.22.so
7fa76b777000-7fa76b77b000 rw-p 00000000 00:00 0 
7fa76b77b000-7fa76b79d000 r-xp 00000000 08:08 1445240                    /usr/lib/ld-2.22.so
7fa76b7a2000-7fa76b808000 rw-p 00000000 00:00 0 
7fa76b808000-7fa76b850000 rw-p 00000000 00:00 0 
7fa76b850000-7fa76b853000 ---p 00000000 00:00 0 
7fa76b853000-7fa76b955000 rw-p 00000000 00:00 0                          [stack:26102]
7fa76b964000-7fa76b965000 rw-p 00000000 00:00 0 
7fa76b965000-7fa76b96a000 r--s 0004e000 08:08 1976061                    /usr/lib/jvm/java-7-openjdk/jre/lib/jsse.jar
7fa76b96a000-7fa76b979000 r--s 000dd000 08:08 270920                     /opt/android-sdk/build-tools/22.0.1/lib/dx.jar
7fa76b979000-7fa76b991000 rw-p 00000000 00:00 0 
7fa76b991000-7fa76b999000 rw-s 00000000 00:23 454469                     /tmp/hsperfdata_luis/26093
7fa76b999000-7fa76b99a000 rw-p 00000000 00:00 0 
7fa76b99a000-7fa76b99b000 ---p 00000000 00:00 0 
7fa76b99b000-7fa76b99c000 rw-p 00000000 00:00 0 
7fa76b99c000-7fa76b99d000 r--p 00021000 08:08 1445240                    /usr/lib/ld-2.22.so
7fa76b99d000-7fa76b99e000 rw-p 00022000 08:08 1445240                    /usr/lib/ld-2.22.so
7fa76b99e000-7fa76b99f000 rw-p 00000000 00:00 0 
7fffa062e000-7fffa064f000 rw-p 00000000 00:00 0                          [stack]
7fffa0713000-7fffa0715000 r--p 00000000 00:00 0                          [vvar]
7fffa0715000-7fffa0717000 r-xp 00000000 00:00 0                          [vdso]
ffffffffff600000-ffffffffff601000 r-xp 00000000 00:00 0                  [vsyscall]

VM Arguments:
jvm_args: -Xmx1024M 
java_command: /opt/android-sdk/build-tools/22.0.1/lib/dx.jar --dex --no-optimize --output /home/luis/AndroidStudioProjects/YodoFare/app/build/intermediates/dex/debug --input-list=/home/luis/AndroidStudioProjects/YodoFare/app/build/intermediates/tmp/dex/debug/inputList.txt
Launcher Type: SUN_STANDARD

Environment Variables:
PATH=/usr/share/arduino/hardware/tools/avr/avr:/opt/maven/bin:/home/luis/.local/bin:/opt/OpenSplice/HDE/x86_64.linux/bin:/usr/local/sbin:/usr/local/bin:/usr/bin:/opt/android-sdk/platform-tools:/opt/android-sdk/tools:/usr/lib/jvm/default/bin:/usr/bin/site_perl:/usr/bin/vendor_perl:/usr/bin/core_perl
LD_LIBRARY_PATH=/opt/android-studio/bin:/opt/OpenSplice/HDE/x86_64.linux/lib:/home/luis/RTI/ndds.5.1.0/lib/x64Linux2.6gcc4.4.5:/home/luis/RTI/ndds.5.1.0/lib/x64Linux2.6gcc4.4.5jdk:.
SHELL=/bin/bash
DISPLAY=:0.0

Signal Handlers:
SIGSEGV: [libjvm.so+0x995100], sa_mask[0]=0x7ffbfeff, sa_flags=0x10000004
SIGBUS: [libjvm.so+0x995100], sa_mask[0]=0x7ffbfeff, sa_flags=0x10000004
SIGFPE: [libjvm.so+0x7fc350], sa_mask[0]=0x7ffbfeff, sa_flags=0x10000004
SIGPIPE: [libjvm.so+0x7fc350], sa_mask[0]=0x7ffbfeff, sa_flags=0x10000004
SIGXFSZ: [libjvm.so+0x7fc350], sa_mask[0]=0x7ffbfeff, sa_flags=0x10000004
SIGILL: [libjvm.so+0x7fc350], sa_mask[0]=0x7ffbfeff, sa_flags=0x10000004
SIGUSR1: SIG_DFL, sa_mask[0]=0x00000000, sa_flags=0x00000000
SIGUSR2: [libjvm.so+0x7fc1d0], sa_mask[0]=0x00000004, sa_flags=0x10000004
SIGHUP: [libjvm.so+0x7fc360], sa_mask[0]=0x7ffbfeff, sa_flags=0x10000004
SIGINT: [libjvm.so+0x7fc360], sa_mask[0]=0x7ffbfeff, sa_flags=0x10000004
SIGTERM: [libjvm.so+0x7fc360], sa_mask[0]=0x7ffbfeff, sa_flags=0x10000004
SIGQUIT: [libjvm.so+0x7fc360], sa_mask[0]=0x7ffbfeff, sa_flags=0x10000004
SIGTRAP: SIG_DFL, sa_mask[0]=0x00000000, sa_flags=0x00000000


---------------  S Y S T E M  ---------------

OS:Linux
uname:Linux 4.1.12-1-lts #1 SMP Tue Oct 27 17:21:25 CET 2015 x86_64
libc:glibc 2.22 NPTL 2.22 
rlimit: STACK 8192k, CORE 0k, NPROC 23250, NOFILE 4096, AS infinity
load average:0,41 0,77 1,09

/proc/meminfo:
MemTotal:        5997352 kB
MemFree:           42924 kB
MemAvailable:     124368 kB
Buffers:            1296 kB
Cached:           762672 kB
SwapCached:         9352 kB
Active:          4458320 kB
Inactive:        1285820 kB
Active(anon):    4429540 kB
Inactive(anon):  1258512 kB
Active(file):      28780 kB
Inactive(file):    27308 kB
Unevictable:           0 kB
Mlocked:               0 kB
SwapTotal:        262140 kB
SwapFree:              0 kB
Dirty:                 4 kB
Writeback:           260 kB
AnonPages:       4972180 kB
Mapped:           377568 kB
Shmem:            707356 kB
Slab:              98352 kB
SReclaimable:      61728 kB
SUnreclaim:        36624 kB
KernelStack:       10336 kB
PageTables:        47816 kB
NFS_Unstable:          0 kB
Bounce:                0 kB
WritebackTmp:          0 kB
CommitLimit:     3260816 kB
Committed_AS:   10137248 kB
VmallocTotal:   34359738367 kB
VmallocUsed:      370184 kB
VmallocChunk:   34358947836 kB
HardwareCorrupted:     0 kB
AnonHugePages:   1886208 kB
HugePages_Total:       0
HugePages_Free:        0
HugePages_Rsvd:        0
HugePages_Surp:        0
Hugepagesize:       2048 kB
DirectMap4k:      147304 kB
DirectMap2M:     6025216 kB
DirectMap1G:           0 kB


CPU:total 4 (2 cores per cpu, 2 threads per core) family 6 model 69 stepping 1, cmov, cx8, fxsr, mmx, sse, sse2, sse3, ssse3, sse4.1, sse4.2, popcnt, avx, avx2, aes, erms, ht, tsc, tscinvbit

/proc/cpuinfo:
processor	: 0
vendor_id	: GenuineIntel
cpu family	: 6
model		: 69
model name	: Intel(R) Core(TM) i7-4500U CPU @ 1.80GHz
stepping	: 1
microcode	: 0x1c
cpu MHz		: 1800.000
cache size	: 4096 KB
physical id	: 0
siblings	: 4
core id		: 0
cpu cores	: 2
apicid		: 0
initial apicid	: 0
fpu		: yes
fpu_exception	: yes
cpuid level	: 13
wp		: yes
flags		: fpu vme de pse tsc msr pae mce cx8 apic sep mtrr pge mca cmov pat pse36 clflush dts acpi mmx fxsr sse sse2 ss ht tm pbe syscall nx pdpe1gb rdtscp lm constant_tsc arch_perfmon pebs bts rep_good nopl xtopology nonstop_tsc aperfmperf eagerfpu pni pclmulqdq dtes64 monitor ds_cpl vmx est tm2 ssse3 fma cx16 xtpr pdcm pcid sse4_1 sse4_2 movbe popcnt tsc_deadline_timer aes xsave avx f16c rdrand lahf_lm abm ida arat epb pln pts dtherm tpr_shadow vnmi flexpriority ept vpid fsgsbase tsc_adjust bmi1 avx2 smep bmi2 erms invpcid xsaveopt
bugs		:
bogomips	: 4789.15
clflush size	: 64
cache_alignment	: 64
address sizes	: 39 bits physical, 48 bits virtual
power management:

processor	: 1
vendor_id	: GenuineIntel
cpu family	: 6
model		: 69
model name	: Intel(R) Core(TM) i7-4500U CPU @ 1.80GHz
stepping	: 1
microcode	: 0x1c
cpu MHz		: 1799.906
cache size	: 4096 KB
physical id	: 0
siblings	: 4
core id		: 1
cpu cores	: 2
apicid		: 2
initial apicid	: 2
fpu		: yes
fpu_exception	: yes
cpuid level	: 13
wp		: yes
flags		: fpu vme de pse tsc msr pae mce cx8 apic sep mtrr pge mca cmov pat pse36 clflush dts acpi mmx fxsr sse sse2 ss ht tm pbe syscall nx pdpe1gb rdtscp lm constant_tsc arch_perfmon pebs bts rep_good nopl xtopology nonstop_tsc aperfmperf eagerfpu pni pclmulqdq dtes64 monitor ds_cpl vmx est tm2 ssse3 fma cx16 xtpr pdcm pcid sse4_1 sse4_2 movbe popcnt tsc_deadline_timer aes xsave avx f16c rdrand lahf_lm abm ida arat epb pln pts dtherm tpr_shadow vnmi flexpriority ept vpid fsgsbase tsc_adjust bmi1 avx2 smep bmi2 erms invpcid xsaveopt
bugs		:
bogomips	: 4789.15
clflush size	: 64
cache_alignment	: 64
address sizes	: 39 bits physical, 48 bits virtual
power management:

processor	: 2
vendor_id	: GenuineIntel
cpu family	: 6
model		: 69
model name	: Intel(R) Core(TM) i7-4500U CPU @ 1.80GHz
stepping	: 1
microcode	: 0x1c
cpu MHz		: 1798.031
cache size	: 4096 KB
physical id	: 0
siblings	: 4
core id		: 0
cpu cores	: 2
apicid		: 1
initial apicid	: 1
fpu		: yes
fpu_exception	: yes
cpuid level	: 13
wp		: yes
flags		: fpu vme de pse tsc msr pae mce cx8 apic sep mtrr pge mca cmov pat pse36 clflush dts acpi mmx fxsr sse sse2 ss ht tm pbe syscall nx pdpe1gb rdtscp lm constant_tsc arch_perfmon pebs bts rep_good nopl xtopology nonstop_tsc aperfmperf eagerfpu pni pclmulqdq dtes64 monitor ds_cpl vmx est tm2 ssse3 fma cx16 xtpr pdcm pcid sse4_1 sse4_2 movbe popcnt tsc_deadline_timer aes xsave avx f16c rdrand lahf_lm abm ida arat epb pln pts dtherm tpr_shadow vnmi flexpriority ept vpid fsgsbase tsc_adjust bmi1 avx2 smep bmi2 erms invpcid xsaveopt
bugs		:
bogomips	: 4789.15
clflush size	: 64
cache_alignment	: 64
address sizes	: 39 bits physical, 48 bits virtual
power management:

processor	: 3
vendor_id	: GenuineIntel
cpu family	: 6
model		: 69
model name	: Intel(R) Core(TM) i7-4500U CPU @ 1.80GHz
stepping	: 1
microcode	: 0x1c
cpu MHz		: 1800.093
cache size	: 4096 KB
physical id	: 0
siblings	: 4
core id		: 1
cpu cores	: 2
apicid		: 3
initial apicid	: 3
fpu		: yes
fpu_exception	: yes
cpuid level	: 13
wp		: yes
flags		: fpu vme de pse tsc msr pae mce cx8 apic sep mtrr pge mca cmov pat pse36 clflush dts acpi mmx fxsr sse sse2 ss ht tm pbe syscall nx pdpe1gb rdtscp lm constant_tsc arch_perfmon pebs bts rep_good nopl xtopology nonstop_tsc aperfmperf eagerfpu pni pclmulqdq dtes64 monitor ds_cpl vmx est tm2 ssse3 fma cx16 xtpr pdcm pcid sse4_1 sse4_2 movbe popcnt tsc_deadline_timer aes xsave avx f16c rdrand lahf_lm abm ida arat epb pln pts dtherm tpr_shadow vnmi flexpriority ept vpid fsgsbase tsc_adjust bmi1 avx2 smep bmi2 erms invpcid xsaveopt
bugs		:
bogomips	: 4789.15
clflush size	: 64
cache_alignment	: 64
address sizes	: 39 bits physical, 48 bits virtual
power management:



Memory: 4k page, physical 5997352k(42924k free), swap 262140k(0k free)

vm_info: OpenJDK 64-Bit Server VM (24.91-b01) for linux-amd64 JRE (1.7.0_91-b01), built on Oct 23 2015 08:17:33 by "builduser" with gcc 5.2.0

time: Fri Apr  1 16:50:32 2016
elapsed time: 5 seconds

